<?xml version="1.0" encoding="UTF-8"?>
<testsuite xmlns:xsi="http://www.w3.org/2001/XMLSchema-instance" xsi:noNamespaceSchemaLocation="https://maven.apache.org/surefire/maven-surefire-plugin/xsd/surefire-test-report-3.0.xsd" version="3.0" name="tests.SampleTest" time="36.758" tests="3" errors="0" skipped="0" failures="0">
  <properties>
[...]
</properties>
  <testcase name="sampleTest(Browser)[1]" classname="tests.SampleTest" time="20.313"/>
  <testcase name="sampleTest(Browser)[3]" classname="tests.SampleTest" time="22.147"/>
  <testcase name="sampleTest(Browser)[2]" classname="tests.SampleTest" time="27.063"/>
</testsuite>